This is pdfTeX, Version 3.14159265-2.6-1.40.16 (MiKTeX 2.9 64-bit) (preloaded format=pdflatex 2016.4.17)  31 JUL 2016 20:51
entering extended mode
**C:/Users/timoe/Desktop/Bachelor-Thesis/bachelor_thesis.tex
(C:/Users/timoe/Desktop/Bachelor-Thesis/bachelor_thesis.tex
LaTeX2e <2015/10/01> patch level 2
Babel <3.9n> and hyphenation patterns for 69 languages loaded.

("C:\Users\timoe\AppData\Local\Programs\MiKTeX 2.9\tex\latex\koma-script\scrart
cl.cls"
Document Class: scrartcl 2015/10/03 v3.19a KOMA-Script document class (article)


("C:\Users\timoe\AppData\Local\Programs\MiKTeX 2.9\tex\latex\koma-script\scrkba
se.sty"
Package: scrkbase 2015/10/03 v3.19a KOMA-Script package (KOMA-Script-dependent 
basics and keyval usage)

("C:\Users\timoe\AppData\Local\Programs\MiKTeX 2.9\tex\latex\koma-script\scrbas
e.sty"
Package: scrbase 2015/10/03 v3.19a KOMA-Script package (KOMA-Script-independent
 basics and keyval usage)

("C:\Users\timoe\AppData\Local\Programs\MiKTeX 2.9\tex\latex\graphics\keyval.st
y"
Package: keyval 2014/10/28 v1.15 key=value parser (DPC)
\KV@toks@=\toks14
)
("C:\Users\timoe\AppData\Local\Programs\MiKTeX 2.9\tex\latex\koma-script\scrlfi
le.sty"
Package: scrlfile 2015/10/03 v3.19a KOMA-Script package (loading files)

Package scrlfile, 2015/10/03 v3.19a KOMA-Script package (loading files)
                  Copyright (C) Markus Kohm

)))
("C:\Users\timoe\AppData\Local\Programs\MiKTeX 2.9\tex\latex\koma-script\tocbas
ic.sty"
Package: tocbasic 2015/10/03 v3.19a KOMA-Script package (handling toc-files)
)
Package tocbasic Info: omitting babel extension for `toc'
(tocbasic)             because of feature `nobabel' available
(tocbasic)             for `toc' on input line 123.
Package tocbasic Info: omitting babel extension for `lof'
(tocbasic)             because of feature `nobabel' available
(tocbasic)             for `lof' on input line 124.
Package tocbasic Info: omitting babel extension for `lot'
(tocbasic)             because of feature `nobabel' available
(tocbasic)             for `lot' on input line 125.
Package scrartcl Info: You've used standard option `12pt'.
(scrartcl)             This is correct!
(scrartcl)             Internally I'm using `fontsize=12pt'.
(scrartcl)             If you'd like to set the option with \KOMAoptions,
(scrartcl)             you'd have to use `fontsize=12pt' there
(scrartcl)             instead of `12pt', too.


Class scrartcl Warning: You've used obsolete option `bigheadings'.
(scrartcl)              Usage of this option indicates an old document
(scrartcl)              and changes compatibility level using
(scrartcl)              `headings=big,version=first'.
(scrartcl)              If you don't want this, you should simply
(scrartcl)              replace option `bigheadings' by `headings=big'.

Class scrartcl Info: Switching compatibility level to `first'.
Class scrartcl Info: You've used standard option `openbib'.
(scrartcl)           This is correct!
(scrartcl)           Internally I'm using `bibliography=openstyle'.
(scrartcl)           If you'd like to set the option with \KOMAoptions,
(scrartcl)           you'd have to use `bibliography=openstyle' there
(scrartcl)           instead of `openbib', too.
Class scrartcl Info: File `scrsize12pt.clo' used to setup font sizes on input l
ine 2033.

("C:\Users\timoe\AppData\Local\Programs\MiKTeX 2.9\tex\latex\koma-script\scrsiz
e12pt.clo"
File: scrsize12pt.clo 2015/10/03 v3.19a KOMA-Script font size class option (12p
t)
)
("C:\Users\timoe\AppData\Local\Programs\MiKTeX 2.9\tex\latex\koma-script\typear
ea.sty"
Package: typearea 2015/10/03 v3.19a KOMA-Script package (type area)

Package typearea, 2015/10/03 v3.19a KOMA-Script package (type area)
                  Copyright (C) Frank Neukam, 1992-1994
                  Copyright (C) Markus Kohm, 1994-

\ta@bcor=\skip41
\ta@div=\count79
Package typearea Info: You've used standard option `a4paper'.
(typearea)             This is correct!
(typearea)             Internally I'm using `paper=a4'.
(typearea)             If you'd like to set the option with \KOMAoptions,
(typearea)             you'd have to use `paper=a4' there
(typearea)             instead of `a4paper', too.
\ta@hblk=\skip42
\ta@vblk=\skip43
\ta@temp=\skip44
\footheight=\skip45
Package typearea Info: These are the values describing the layout:
(typearea)             DIV  = 12
(typearea)             BCOR = 0.0pt
(typearea)             \paperwidth      = 597.50793pt
(typearea)              \textwidth      = 448.13095pt
(typearea)              DIV departure   = -6%
(typearea)              \evensidemargin = 2.4185pt
(typearea)              \oddsidemargin  = 2.4185pt
(typearea)             \paperheight     = 845.04694pt
(typearea)              \textheight     = 635.5pt
(typearea)              \topmargin      = -59.84941pt
(typearea)              \headheight     = 36.25pt
(typearea)              \headsep        = 21.75pt
(typearea)              \topskip        = 12.0pt
(typearea)              \footskip       = 50.75pt
(typearea)              \baselineskip   = 14.5pt
(typearea)              on input line 1509.
)
\c@part=\count80
\c@section=\count81
\c@subsection=\count82
\c@subsubsection=\count83
\c@paragraph=\count84
\c@subparagraph=\count85
LaTeX Info: Redefining \textsubscript on input line 3906.
\abovecaptionskip=\skip46
\belowcaptionskip=\skip47
\c@pti@nb@sid@b@x=\box26
\c@figure=\count86
\c@table=\count87
\bibindent=\dimen102
)
("C:\Users\timoe\AppData\Local\Programs\MiKTeX 2.9\tex\generic\babel\babel.sty"
Package: babel 2016/01/08 3.9n The Babel package
*************************************
* Local config file bblopts.cfg used
*

("C:\Users\timoe\AppData\Local\Programs\MiKTeX 2.9\tex\latex\00miktex\bblopts.c
fg"
File: bblopts.cfg 2006/07/31 v1.0 MiKTeX 'babel' configuration
)
("C:\Users\timoe\AppData\Local\Programs\MiKTeX 2.9\tex\latex\babel-german\ngerm
an.ldf"
Language: ngerman 2013/12/13 v2.7 German support for babel (new orthography)

("C:\Users\timoe\AppData\Local\Programs\MiKTeX 2.9\tex\latex\babel-german\ngerm
anb.ldf"
Language: ngermanb 2013/12/13 v2.7 German support for babel (new orthography)

("C:\Users\timoe\AppData\Local\Programs\MiKTeX 2.9\tex\generic\babel\babel.def"
File: babel.def 2016/01/08 3.9n Babel common definitions
\babel@savecnt=\count88
\U@D=\dimen103
)
\l@naustrian = a dialect from \language\l@ngerman 
\l@nswissgerman = a dialect from \language\l@ngerman 
Package babel Info: Making " an active character on input line 88.
))
("C:\Users\timoe\AppData\Local\Programs\MiKTeX 2.9\tex\latex\babel-english\engl
ish.ldf"
Language: english 2012/08/20 v3.3p English support from the babel system
\l@canadian = a dialect from \language\l@american 
\l@australian = a dialect from \language\l@british 
\l@newzealand = a dialect from \language\l@british 
))
("C:\Users\timoe\AppData\Local\Programs\MiKTeX 2.9\tex\latex\base\fontenc.sty"
Package: fontenc 2005/09/27 v1.99g Standard LaTeX package

("C:\Users\timoe\AppData\Local\Programs\MiKTeX 2.9\tex\latex\base\t1enc.def"
File: t1enc.def 2005/09/27 v1.99g Standard LaTeX file
LaTeX Font Info:    Redeclaring font encoding T1 on input line 48.
))
("C:\Users\timoe\AppData\Local\Programs\MiKTeX 2.9\tex\latex\geometry\geometry.
sty"
Package: geometry 2010/09/12 v5.6 Page Geometry

("C:\Users\timoe\AppData\Local\Programs\MiKTeX 2.9\tex\generic\oberdiek\ifpdf.s
ty"
Package: ifpdf 2011/01/30 v2.3 Provides the ifpdf switch (HO)
Package ifpdf Info: pdfTeX in PDF mode is detected.
)
("C:\Users\timoe\AppData\Local\Programs\MiKTeX 2.9\tex\generic\oberdiek\ifvtex.
sty"
Package: ifvtex 2010/03/01 v1.5 Detect VTeX and its facilities (HO)
Package ifvtex Info: VTeX not detected.
)
("C:\Users\timoe\AppData\Local\Programs\MiKTeX 2.9\tex\generic\ifxetex\ifxetex.
sty"
Package: ifxetex 2010/09/12 v0.6 Provides ifxetex conditional
)
\Gm@cnth=\count89
\Gm@cntv=\count90
\c@Gm@tempcnt=\count91
\Gm@bindingoffset=\dimen104
\Gm@wd@mp=\dimen105
\Gm@odd@mp=\dimen106
\Gm@even@mp=\dimen107
\Gm@layoutwidth=\dimen108
\Gm@layoutheight=\dimen109
\Gm@layouthoffset=\dimen110
\Gm@layoutvoffset=\dimen111
\Gm@dimlist=\toks15

("C:\Users\timoe\AppData\Local\Programs\MiKTeX 2.9\tex\latex\geometry\geometry.
cfg"))
("C:\Users\timoe\AppData\Local\Programs\MiKTeX 2.9\tex\latex\base\inputenc.sty"
Package: inputenc 2015/03/17 v1.2c Input encoding file
\inpenc@prehook=\toks16
\inpenc@posthook=\toks17
("C:\Users\timoe\AppData\Local\Programs\MiKTeX 2.9\tex\latex\ucs\utf8x.def"
File: utf8x.def 2004/10/17 UCS: Input encoding UTF-8
))
("C:\Users\timoe\AppData\Local\Programs\MiKTeX 2.9\tex\latex\ucs\ucs.sty"
Package: ucs 2013/05/11 v2.2 UCS: Unicode input support

("C:\Users\timoe\AppData\Local\Programs\MiKTeX 2.9\tex\latex\ucs\uni-global.def
"
File: uni-global.def 2013/05/13 UCS: Unicode global data
)
\uc@secondtry=\count92
\uc@combtoks=\toks18
\uc@combtoksb=\toks19
\uc@temptokena=\toks20
)
("C:\Users\timoe\AppData\Local\Programs\MiKTeX 2.9\tex\latex\psnfss\mathpazo.st
y"
Package: mathpazo 2005/04/12 PSNFSS-v9.2a Palatino w/ Pazo Math (D.Puga, WaS) 
\symupright=\mathgroup4
)
("C:\Users\timoe\AppData\Local\Programs\MiKTeX 2.9\tex\latex\psnfss\helvet.sty"
Package: helvet 2005/04/12 PSNFSS-v9.2a (WaS) 
)
("C:\Users\timoe\AppData\Local\Programs\MiKTeX 2.9\tex\latex\psnfss\courier.sty
"
Package: courier 2005/04/12 PSNFSS-v9.2a (WaS) 
)
("C:\Users\timoe\AppData\Local\Programs\MiKTeX 2.9\tex\latex\eurosym\eurosym.st
y"
Package: eurosym 1998/08/06 v1.1 European currency symbol ``Euro''
\@eurobox=\box27
)
("C:\Users\timoe\AppData\Local\Programs\MiKTeX 2.9\tex\latex\amsmath\amsmath.st
y"
Package: amsmath 2013/01/14 v2.14 AMS math features
\@mathmargin=\skip48

For additional information on amsmath, use the `?' option.

("C:\Users\timoe\AppData\Local\Programs\MiKTeX 2.9\tex\latex\amsmath\amstext.st
y"
Package: amstext 2000/06/29 v2.01

("C:\Users\timoe\AppData\Local\Programs\MiKTeX 2.9\tex\latex\amsmath\amsgen.sty
"
File: amsgen.sty 1999/11/30 v2.0
\@emptytoks=\toks21
\ex@=\dimen112
))
("C:\Users\timoe\AppData\Local\Programs\MiKTeX 2.9\tex\latex\amsmath\amsbsy.sty
"
Package: amsbsy 1999/11/29 v1.2d
\pmbraise@=\dimen113
)
("C:\Users\timoe\AppData\Local\Programs\MiKTeX 2.9\tex\latex\amsmath\amsopn.sty
"
Package: amsopn 1999/12/14 v2.01 operator names
)
\inf@bad=\count93
LaTeX Info: Redefining \frac on input line 210.
\uproot@=\count94
\leftroot@=\count95
LaTeX Info: Redefining \overline on input line 306.
\classnum@=\count96
\DOTSCASE@=\count97
LaTeX Info: Redefining \ldots on input line 378.
LaTeX Info: Redefining \dots on input line 381.
LaTeX Info: Redefining \cdots on input line 466.
\Mathstrutbox@=\box28
\strutbox@=\box29
\big@size=\dimen114
LaTeX Font Info:    Redeclaring font encoding OML on input line 566.
LaTeX Font Info:    Redeclaring font encoding OMS on input line 567.
\macc@depth=\count98
\c@MaxMatrixCols=\count99
\dotsspace@=\muskip10
\c@parentequation=\count100
\dspbrk@lvl=\count101
\tag@help=\toks22
\row@=\count102
\column@=\count103
\maxfields@=\count104
\andhelp@=\toks23
\eqnshift@=\dimen115
\alignsep@=\dimen116
\tagshift@=\dimen117
\tagwidth@=\dimen118
\totwidth@=\dimen119
\lineht@=\dimen120
\@envbody=\toks24
\multlinegap=\skip49
\multlinetaggap=\skip50
\mathdisplay@stack=\toks25
LaTeX Info: Redefining \[ on input line 2665.
LaTeX Info: Redefining \] on input line 2666.
)
("C:\Users\timoe\AppData\Local\Programs\MiKTeX 2.9\tex\latex\koma-script\scrpag
e2.sty"
Package: scrpage2 2015/10/03 v3.19a KOMA-Script package (page head and foot)
LaTeX Info: Redefining \pagemark on input line 174.
)
("C:\Users\timoe\AppData\Local\Programs\MiKTeX 2.9\tex\latex\graphics\graphicx.
sty"
Package: graphicx 2014/10/28 v1.0g Enhanced LaTeX Graphics (DPC,SPQR)

("C:\Users\timoe\AppData\Local\Programs\MiKTeX 2.9\tex\latex\graphics\graphics.
sty"
Package: graphics 2014/10/28 v1.0p Standard LaTeX Graphics (DPC,SPQR)

("C:\Users\timoe\AppData\Local\Programs\MiKTeX 2.9\tex\latex\graphics\trig.sty"
Package: trig 1999/03/16 v1.09 sin cos tan (DPC)
)
("C:\Users\timoe\AppData\Local\Programs\MiKTeX 2.9\tex\latex\00miktex\graphics.
cfg"
File: graphics.cfg 2007/01/18 v1.5 graphics configuration of teTeX/TeXLive
)
Package graphics Info: Driver file: pdftex.def on input line 94.

("C:\Users\timoe\AppData\Local\Programs\MiKTeX 2.9\tex\latex\pdftex-def\pdftex.
def"
File: pdftex.def 2011/05/27 v0.06d Graphics/color for pdfTeX

("C:\Users\timoe\AppData\Local\Programs\MiKTeX 2.9\tex\generic\oberdiek\infware
rr.sty"
Package: infwarerr 2010/04/08 v1.3 Providing info/warning/error messages (HO)
)
("C:\Users\timoe\AppData\Local\Programs\MiKTeX 2.9\tex\generic\oberdiek\ltxcmds
.sty"
Package: ltxcmds 2011/11/09 v1.22 LaTeX kernel commands for general use (HO)
)
\Gread@gobject=\count105
))
\Gin@req@height=\dimen121
\Gin@req@width=\dimen122
)
("C:\Users\timoe\AppData\Local\Programs\MiKTeX 2.9\tex\latex\xcolor\xcolor.sty"
Package: xcolor 2007/01/21 v2.11 LaTeX color extensions (UK)
("C:\Users\timoe\AppData\Local\Programs\MiKTeX 2.9\tex\latex\00miktex\color.cfg
"
File: color.cfg 2007/01/18 v1.5 color configuration of teTeX/TeXLive
)
Package xcolor Info: Driver file: pdftex.def on input line 225.
Package xcolor Info: Model `cmy' substituted by `cmy0' on input line 1337.
Package xcolor Info: Model `hsb' substituted by `rgb' on input line 1341.
Package xcolor Info: Model `RGB' extended on input line 1353.
Package xcolor Info: Model `HTML' substituted by `rgb' on input line 1355.
Package xcolor Info: Model `Hsb' substituted by `hsb' on input line 1356.
Package xcolor Info: Model `tHsb' substituted by `hsb' on input line 1357.
Package xcolor Info: Model `HSB' substituted by `hsb' on input line 1358.
Package xcolor Info: Model `Gray' substituted by `gray' on input line 1359.
Package xcolor Info: Model `wave' substituted by `hsb' on input line 1360.
)
("C:\Users\timoe\AppData\Local\Programs\MiKTeX 2.9\tex\latex\multirow\multirow.
sty"
\bigstrutjot=\dimen123
)
("C:\Users\timoe\AppData\Local\Programs\MiKTeX 2.9\tex\latex\tools\varioref.sty
"
Package: varioref 2015/09/22 v1.5b package for extended references (FMi)
\c@vrcnt=\count106
)
("C:\Users\timoe\AppData\Local\Programs\MiKTeX 2.9\tex\latex\babelbib\babelbib.
sty"
Package: babelbib 2012/01/03 v1.31 babelbib: multilingual bibliographies (HH)
\c@btxromaniannumeral=\count107
)
("C:\Users\timoe\AppData\Local\Programs\MiKTeX 2.9\tex\latex\base\makeidx.sty"
Package: makeidx 2014/09/29 v1.0m Standard LaTeX package
) ("C:\Users\timoe\AppData\Local\Programs\MiKTeX 2.9\tex\latex\tools\tabularx.s
ty"
Package: tabularx 2014/10/28 v2.10 `tabularx' package (DPC)
 ("C:\Users\timoe\AppData\Local\Programs\MiKTeX 2.9\tex\latex\tools\array.sty"
Package: array 2014/10/28 v2.4c Tabular extension package (FMi)
\col@sep=\dimen124
\extrarowheight=\dimen125
\NC@list=\toks26
\extratabsurround=\skip51
\backup@length=\skip52
)
\TX@col@width=\dimen126
\TX@old@table=\dimen127
\TX@old@col=\dimen128
\TX@target=\dimen129
\TX@delta=\dimen130
\TX@cols=\count108
\TX@ftn=\toks27
)
("C:\Users\timoe\AppData\Local\Programs\MiKTeX 2.9\tex\latex\floatflt\floatflt.
sty"
Package: floatflt 1997/07/16 v. 1.31
\c@OptionTest=\count109
\figbox=\box30
\tabbox=\box31
\pagebox=\box32
\ffigcount=\count110
\ftabcount=\count111
\fftest=\count112
\hangcount=\count113
\nosuccesstryfig=\count114
\nosuccesstrytab=\count115
\figgutter=\dimen131
\tabgutter=\dimen132
\htdone=\dimen133
\pageht=\dimen134
\startpageht=\dimen135
\tabbredd=\dimen136
\floatfltwidth=\dimen137
\fltitemwidth=\dimen138
\outputpretest=\toks28
)
("C:\Users\timoe\AppData\Local\Programs\MiKTeX 2.9\tex\latex\listings\listings.
sty"
\lst@mode=\count116
\lst@gtempboxa=\box33
\lst@token=\toks29
\lst@length=\count117
\lst@currlwidth=\dimen139
\lst@column=\count118
\lst@pos=\count119
\lst@lostspace=\dimen140
\lst@width=\dimen141
\lst@newlines=\count120
\lst@lineno=\count121
\lst@maxwidth=\dimen142

("C:\Users\timoe\AppData\Local\Programs\MiKTeX 2.9\tex\latex\listings\lstmisc.s
ty"
File: lstmisc.sty 2015/06/04 1.6 (Carsten Heinz)
\c@lstnumber=\count122
\lst@skipnumbers=\count123
\lst@framebox=\box34
)
("C:\Users\timoe\AppData\Local\Programs\MiKTeX 2.9\tex\latex\listings\listings.
cfg"
File: listings.cfg 2015/06/04 1.6 listings configuration
))
Package: listings 2015/06/04 1.6 (Carsten Heinz)

("C:\Users\timoe\AppData\Local\Programs\MiKTeX 2.9\tex\latex\hyperref\hyperref.
sty"
Package: hyperref 2012/11/06 v6.83m Hypertext links for LaTeX

("C:\Users\timoe\AppData\Local\Programs\MiKTeX 2.9\tex\generic\oberdiek\hobsub-
hyperref.sty"
Package: hobsub-hyperref 2012/04/25 v1.12 Bundle oberdiek, subset hyperref (HO)


("C:\Users\timoe\AppData\Local\Programs\MiKTeX 2.9\tex\generic\oberdiek\hobsub-
generic.sty"
Package: hobsub-generic 2012/04/25 v1.12 Bundle oberdiek, subset generic (HO)
Package: hobsub 2012/04/25 v1.12 Construct package bundles (HO)
Package hobsub Info: Skipping package `infwarerr' (already loaded).
Package hobsub Info: Skipping package `ltxcmds' (already loaded).
Package: ifluatex 2010/03/01 v1.3 Provides the ifluatex switch (HO)
Package ifluatex Info: LuaTeX not detected.
Package hobsub Info: Skipping package `ifvtex' (already loaded).
Package: intcalc 2007/09/27 v1.1 Expandable calculations with integers (HO)
Package hobsub Info: Skipping package `ifpdf' (already loaded).
Package: etexcmds 2011/02/16 v1.5 Avoid name clashes with e-TeX commands (HO)
Package etexcmds Info: Could not find \expanded.
(etexcmds)             That can mean that you are not using pdfTeX 1.50 or
(etexcmds)             that some package has redefined \expanded.
(etexcmds)             In the latter case, load this package earlier.
Package: kvsetkeys 2012/04/25 v1.16 Key value parser (HO)
Package: kvdefinekeys 2011/04/07 v1.3 Define keys (HO)
Package: pdftexcmds 2011/11/29 v0.20 Utility functions of pdfTeX for LuaTeX (HO
)
Package pdftexcmds Info: LuaTeX not detected.
Package pdftexcmds Info: \pdf@primitive is available.
Package pdftexcmds Info: \pdf@ifprimitive is available.
Package pdftexcmds Info: \pdfdraftmode found.
Package: pdfescape 2011/11/25 v1.13 Implements pdfTeX's escape features (HO)
Package: bigintcalc 2012/04/08 v1.3 Expandable calculations on big integers (HO
)
Package: bitset 2011/01/30 v1.1 Handle bit-vector datatype (HO)
Package: uniquecounter 2011/01/30 v1.2 Provide unlimited unique counter (HO)
)
Package hobsub Info: Skipping package `hobsub' (already loaded).
Package: letltxmacro 2010/09/02 v1.4 Let assignment for LaTeX macros (HO)
Package: hopatch 2011/06/24 v1.1 Wrapper for package hooks (HO)
Package: xcolor-patch 2011/01/30 xcolor patch
Package: atveryend 2011/06/30 v1.8 Hooks at the very end of document (HO)
Package atveryend Info: \enddocument detected (standard20110627).
Package: atbegshi 2011/10/05 v1.16 At begin shipout hook (HO)
Package: refcount 2011/10/16 v3.4 Data extraction from label references (HO)
Package: hycolor 2011/01/30 v1.7 Color options for hyperref/bookmark (HO)
)
("C:\Users\timoe\AppData\Local\Programs\MiKTeX 2.9\tex\latex\oberdiek\auxhook.s
ty"
Package: auxhook 2011/03/04 v1.3 Hooks for auxiliary files (HO)
)
("C:\Users\timoe\AppData\Local\Programs\MiKTeX 2.9\tex\latex\oberdiek\kvoptions
.sty"
Package: kvoptions 2011/06/30 v3.11 Key value format for package options (HO)
)
\@linkdim=\dimen143
\Hy@linkcounter=\count124
\Hy@pagecounter=\count125

("C:\Users\timoe\AppData\Local\Programs\MiKTeX 2.9\tex\latex\hyperref\pd1enc.de
f"
File: pd1enc.def 2012/11/06 v6.83m Hyperref: PDFDocEncoding definition (HO)
)
\Hy@SavedSpaceFactor=\count126

("C:\Users\timoe\AppData\Local\Programs\MiKTeX 2.9\tex\latex\00miktex\hyperref.
cfg"
File: hyperref.cfg 2002/06/06 v1.2 hyperref configuration of TeXLive
)
Package hyperref Info: Option `colorlinks' set `true' on input line 4319.
Package hyperref Info: Option `linktocpage' set `true' on input line 4319.
Package hyperref Info: Hyper figures OFF on input line 4443.
Package hyperref Info: Link nesting OFF on input line 4448.
Package hyperref Info: Hyper index ON on input line 4451.
Package hyperref Info: Plain pages OFF on input line 4458.
Package hyperref Info: Backreferencing OFF on input line 4463.
Package hyperref Info: Implicit mode ON; LaTeX internals redefined.
Package hyperref Info: Bookmarks ON on input line 4688.
\c@Hy@tempcnt=\count127
 ("C:\Users\timoe\AppData\Local\Programs\MiKTeX 2.9\tex\latex\url\url.sty"
\Urlmuskip=\muskip11
Package: url 2013/09/16  ver 3.4  Verb mode for urls, etc.
)
LaTeX Info: Redefining \url on input line 5041.
\XeTeXLinkMargin=\dimen144
\Fld@menulength=\count128
\Field@Width=\dimen145
\Fld@charsize=\dimen146
Package hyperref Info: Hyper figures OFF on input line 6295.
Package hyperref Info: Link nesting OFF on input line 6300.
Package hyperref Info: Hyper index ON on input line 6303.
Package hyperref Info: backreferencing OFF on input line 6310.
Package hyperref Info: Link coloring ON on input line 6313.
Package hyperref Info: Link coloring with OCG OFF on input line 6320.
Package hyperref Info: PDF/A mode OFF on input line 6325.
LaTeX Info: Redefining \ref on input line 6365.
LaTeX Info: Redefining \pageref on input line 6369.
\Hy@abspage=\count129
\c@Item=\count130
\c@Hfootnote=\count131
)

Package hyperref Message: Driver: hpdftex.


("C:\Users\timoe\AppData\Local\Programs\MiKTeX 2.9\tex\latex\hyperref\hpdftex.d
ef"
File: hpdftex.def 2012/11/06 v6.83m Hyperref driver for pdfTeX
\Fld@listcount=\count132
\c@bookmark@seq@number=\count133

("C:\Users\timoe\AppData\Local\Programs\MiKTeX 2.9\tex\latex\oberdiek\rerunfile
check.sty"
Package: rerunfilecheck 2011/04/15 v1.7 Rerun checks for auxiliary files (HO)
Package uniquecounter Info: New unique counter `rerunfilecheck' on input line 2
82.
)
\Hy@SectionHShift=\skip53
)
("C:\Users\timoe\AppData\Local\Programs\MiKTeX 2.9\tex\latex\algorithm2e\algori
thm2e.sty"
Package: algorithm2e 2013/01/06 v5.00 algorithms environments
\c@AlgoLine=\count134

("C:\Users\timoe\AppData\Local\Programs\MiKTeX 2.9\tex\latex\base\ifthen.sty"
Package: ifthen 2014/09/29 v1.1c Standard LaTeX ifthen package (DPC)
)
\algocf@hangindent=\skip54

("C:\Users\timoe\AppData\Local\Programs\MiKTeX 2.9\tex\latex\tools\xspace.sty"
Package: xspace 2014/10/28 v1.13 Space after command names (DPC,MH)
)
("C:\Users\timoe\AppData\Local\Programs\MiKTeX 2.9\tex\latex\ltxmisc\relsize.st
y"
Package: relsize 2003/07/04 ver 3.1
)
********************************************************
Package `algorithm2e' Release 5.1 -- october 19 2015 --
- algorithm2e-announce@lirmm.fr mailing list for announcement about releases
- algorithm2e-discussion@lirmm.fr mailing list for discussion about package
subscribe by emailing sympa@lirmm.fr with 'subscribe <list> <firstname name>'
- Author: Christophe Fiorio (christophe.fiorio@umontpellier.fr)
********************************************************
\skiptotal=\skip55
\skiplinenumber=\skip56
\skiprule=\skip57
\skiphlne=\skip58
\skiptext=\skip59
\skiplength=\skip60
\algomargin=\skip61
\skipalgocfslide=\skip62
\algowidth=\dimen147
\inoutsize=\dimen148
\inoutindent=\dimen149
\interspacetitleruled=\dimen150
\interspacealgoruled=\dimen151
\interspacetitleboxruled=\dimen152
\algocf@ruledwidth=\skip63
\algocf@inoutbox=\box35
\algocf@inputbox=\box36
\AlCapSkip=\skip64
\AlCapHSkip=\skip65
\algoskipindent=\skip66
\algocf@nlbox=\box37
\algocf@hangingbox=\box38
\algocf@untilbox=\box39
\algocf@skipuntil=\skip67
\algocf@capbox=\box40
\algoheightruledefault=\skip68
\algoheightrule=\skip69
\algotitleheightruledefault=\skip70
\algotitleheightrule=\skip71
\c@algocfline=\count135
\c@algocfproc=\count136
\c@algocf=\count137
\algocf@algoframe=\box41
\algocf@algobox=\box42
) (utils/codecolors.tex)
("C:\Users\timoe\AppData\Local\Programs\MiKTeX 2.9\tex\latex\listings\lstlang1.
sty"
File: lstlang1.sty 2015/06/04 1.6 listings language file
)
("C:\Users\timoe\AppData\Local\Programs\MiKTeX 2.9\tex\latex\listings\lstlang1.
sty"
File: lstlang1.sty 2015/06/04 1.6 listings language file
)
("C:\Users\timoe\AppData\Local\Programs\MiKTeX 2.9\tex\latex\listings\lstmisc.s
ty"
File: lstmisc.sty 2015/06/04 1.6 (Carsten Heinz)
) (utils/hpicolors.tex) (utils/commands.tex
("C:\Users\timoe\AppData\Local\Programs\MiKTeX 2.9\tex\latex\supertabular\super
tabular.sty"
Package: supertabular 2004/02/20 v4.1e the supertabular environment
\c@tracingst=\count138
\ST@wd=\dimen153
\ST@rightskip=\skip72
\ST@leftskip=\skip73
\ST@parfillskip=\skip74
\ST@pageleft=\dimen154
\ST@headht=\dimen155
\ST@tailht=\dimen156
\ST@pagesofar=\dimen157
\ST@pboxht=\dimen158
\ST@lineht=\dimen159
\ST@stretchht=\dimen160
\ST@prevht=\dimen161
\ST@toadd=\dimen162
\ST@dimen=\dimen163
\ST@pbox=\box43
)
("C:\Users\timoe\AppData\Local\Programs\MiKTeX 2.9\tex\latex\colortbl\colortbl.
sty"
Package: colortbl 2012/02/13 v1.0a Color table columns (DPC)
\everycr=\toks30
\minrowclearance=\skip75
)
\c@todocounter=\count139
\c@authcounter=\count140
\TodoDatei=\write3
\AuthorDatei=\write4
\c@versionID=\count141
\LineFeedDim=\dimen164
\LineFeed=\dimen165
) (utils/environments.tex) (bachelor_thesis.aux)
\openout1 = `bachelor_thesis.aux'.

LaTeX Font Info:    Checking defaults for OML/cmm/m/it on input line 112.
LaTeX Font Info:    ... okay on input line 112.
LaTeX Font Info:    Checking defaults for T1/cmr/m/n on input line 112.
LaTeX Font Info:    ... okay on input line 112.
LaTeX Font Info:    Checking defaults for OT1/cmr/m/n on input line 112.
LaTeX Font Info:    ... okay on input line 112.
LaTeX Font Info:    Checking defaults for OMS/cmsy/m/n on input line 112.
LaTeX Font Info:    ... okay on input line 112.
LaTeX Font Info:    Checking defaults for OMX/cmex/m/n on input line 112.
LaTeX Font Info:    ... okay on input line 112.
LaTeX Font Info:    Checking defaults for U/cmr/m/n on input line 112.
LaTeX Font Info:    ... okay on input line 112.
LaTeX Font Info:    Checking defaults for PD1/pdf/m/n on input line 112.
LaTeX Font Info:    ... okay on input line 112.
LaTeX Font Info:    Try loading font information for T1+ppl on input line 112.

("C:\Users\timoe\AppData\Local\Programs\MiKTeX 2.9\tex\latex\psnfss\t1ppl.fd"
File: t1ppl.fd 2001/06/04 font definitions for T1/ppl.
)
*geometry* driver: auto-detecting
*geometry* detected driver: pdftex
*geometry* verbose mode - [ preamble ] result:
* driver: pdftex
* paper: a4paper
* layout: <same size as paper>
* layoutoffset:(h,v)=(0.0pt,0.0pt)
* modes: 
* h-part:(L,W,R)=(113.81102pt, 384.11221pt, 99.58464pt)
* v-part:(T,H,B)=(156.49014pt, 574.74568pt, 113.81102pt)
* \paperwidth=597.50787pt
* \paperheight=845.04684pt
* \textwidth=384.11221pt
* \textheight=574.74568pt
* \oddsidemargin=41.54103pt
* \evensidemargin=41.54103pt
* \topmargin=19.51741pt
* \headheight=36.25pt
* \headsep=28.45274pt
* \topskip=12.0pt
* \footskip=62.59605pt
* \marginparwidth=49.79233pt
* \marginparsep=12.8401pt
* \columnsep=10.0pt
* \skip\footins=10.8pt plus 4.0pt minus 2.0pt
* \hoffset=0.0pt
* \voffset=0.0pt
* \mag=1000
* \@twocolumnfalse
* \@twosidefalse
* \@mparswitchfalse
* \@reversemarginfalse
* (1in=72.27pt=25.4mm, 1cm=28.453pt)

("C:\Users\timoe\AppData\Local\Programs\MiKTeX 2.9\tex\latex\ucs\ucsencs.def"
File: ucsencs.def 2011/01/21 Fixes to fontencodings LGR, T3
)
("C:\Users\timoe\AppData\Local\Programs\MiKTeX 2.9\tex\context\base\supp-pdf.mk
ii"
[Loading MPS to PDF converter (version 2006.09.02).]
\scratchcounter=\count142
\scratchdimen=\dimen166
\scratchbox=\box44
\nofMPsegments=\count143
\nofMParguments=\count144
\everyMPshowfont=\toks31
\MPscratchCnt=\count145
\MPscratchDim=\dimen167
\MPnumerator=\count146
\makeMPintoPDFobject=\count147
\everyMPtoPDFconversion=\toks32
)
babelbib: Use citation-dependent languages in bibliography
babelbib: Set bibliography fall-back language to english

("C:\Users\timoe\AppData\Local\Programs\MiKTeX 2.9\tex\latex\babelbib\english.b
df"
File: english.bdf 2012/01/03 v1.31 babelbib: multilingual bibliographies (HH)

babelbib extension \bibsenglish added to \extrasenglish
babelbib extension \btxifchangecaseon added to \extrasenglish
)
("C:\Users\timoe\AppData\Local\Programs\MiKTeX 2.9\tex\latex\babelbib\german.bd
f"
File: german.bdf 2012/01/03 v1.31 babelbib: multilingual bibliographies (HH)

babelbib extension \bibsngerman added to \extrasngerman
babelbib extension \btxifchangecaseoff added to \extrasngerman
)
\c@lstlisting=\count148
\AtBeginShipoutBox=\box45
Package hyperref Info: Link coloring ON on input line 112.

("C:\Users\timoe\AppData\Local\Programs\MiKTeX 2.9\tex\latex\hyperref\nameref.s
ty"
Package: nameref 2012/10/27 v2.43 Cross-referencing by name of section

("C:\Users\timoe\AppData\Local\Programs\MiKTeX 2.9\tex\generic\oberdiek\gettitl
estring.sty"
Package: gettitlestring 2010/12/03 v1.4 Cleanup title references (HO)
)
\c@section@level=\count149
LaTeX Info: Redefining \Ref on input line 513.
)
LaTeX Info: Redefining \ref on input line 112.
LaTeX Info: Redefining \pageref on input line 112.
LaTeX Info: Redefining \nameref on input line 112.
 (bachelor_thesis.out) (bachelor_thesis.out)
\@outlinefile=\write5
\openout5 = `bachelor_thesis.out'.

LaTeX Info: Redefining \Ref on input line 112.

(titlepage_english.tex
*geometry* verbose mode - [ newgeometry ] result:
* driver: pdftex
* paper: a4paper
* layout: <same size as paper>
* layoutoffset:(h,v)=(0.0pt,0.0pt)
* modes: 
* h-part:(L,W,R)=(72.26999pt, 452.9679pt, 72.26999pt)
* v-part:(T,H,B)=(72.26999pt, 700.50687pt, 72.26999pt)
* \paperwidth=597.50787pt
* \paperheight=845.04684pt
* \textwidth=452.9679pt
* \textheight=700.50687pt
* \oddsidemargin=0.0pt
* \evensidemargin=0.0pt
* \topmargin=-64.70274pt
* \headheight=36.25pt
* \headsep=28.45274pt
* \topskip=12.0pt
* \footskip=62.59605pt
* \marginparwidth=49.79233pt
* \marginparsep=12.8401pt
* \columnsep=10.0pt
* \skip\footins=10.8pt plus 4.0pt minus 2.0pt
* \hoffset=0.0pt
* \voffset=0.0pt
* \mag=1000
* \@twocolumnfalse
* \@twosidefalse
* \@mparswitchfalse
* \@reversemarginfalse
* (1in=72.27pt=25.4mm, 1cm=28.453pt)


<utils/hpi_logo_text.pdf, id=134, 247.92625pt x 179.67125pt>
File: utils/hpi_logo_text.pdf Graphic file (type pdf)

<use utils/hpi_logo_text.pdf>
Package pdftex.def Info: utils/hpi_logo_text.pdf used on input line 24.
(pdftex.def)             Requested size: 157.04933pt x 113.81102pt.
LaTeX Font Info:    Font shape `T1/ppl/bx/n' in size <12> not available
(Font)              Font shape `T1/ppl/b/n' tried instead on input line 24.
LaTeX Font Info:    Font shape `T1/ppl/bx/n' in size <17.28> not available
(Font)              Font shape `T1/ppl/b/n' tried instead on input line 24.
LaTeX Font Info:    Font shape `T1/ppl/bx/n' in size <20.74> not available
(Font)              Font shape `T1/ppl/b/n' tried instead on input line 24.
LaTeX Font Info:    Try loading font information for T1+phv on input line 24.

("C:\Users\timoe\AppData\Local\Programs\MiKTeX 2.9\tex\latex\psnfss\t1phv.fd"
File: t1phv.fd 2001/06/04 scalable font definitions for T1/phv.
)
LaTeX Font Info:    Font shape `T1/phv/bx/n' in size <12> not available
(Font)              Font shape `T1/phv/b/n' tried instead on input line 24.
LaTeX Font Info:    Font shape `T1/phv/bx/n' in size <24.88> not available
(Font)              Font shape `T1/phv/b/n' tried instead on input line 24.
LaTeX Font Info:    Font shape `T1/phv/bx/n' in size <18> not available
(Font)              Font shape `T1/phv/b/n' tried instead on input line 24.
LaTeX Font Info:    Font shape `T1/phv/bx/n' in size <14.4> not available
(Font)              Font shape `T1/phv/b/n' tried instead on input line 24.
LaTeX Font Info:    Try loading font information for OT1+ppl on input line 24.

("C:\Users\timoe\AppData\Local\Programs\MiKTeX 2.9\tex\latex\psnfss\ot1ppl.fd"
File: ot1ppl.fd 2001/06/04 font definitions for OT1/ppl.
)
LaTeX Font Info:    Try loading font information for OML+zplm on input line 24.

("C:\Users\timoe\AppData\Local\Programs\MiKTeX 2.9\tex\latex\psnfss\omlzplm.fd"
File: omlzplm.fd 2002/09/08 Fontinst v1.914 font definitions for OML/zplm.
)
LaTeX Font Info:    Try loading font information for OMS+zplm on input line 24.

 ("C:\Users\timoe\AppData\Local\Programs\MiKTeX 2.9\tex\latex\psnfss\omszplm.fd
"
File: omszplm.fd 2002/09/08 Fontinst v1.914 font definitions for OMS/zplm.
)
LaTeX Font Info:    Try loading font information for OMX+zplm on input line 24.


("C:\Users\timoe\AppData\Local\Programs\MiKTeX 2.9\tex\latex\psnfss\omxzplm.fd"
File: omxzplm.fd 2002/09/08 Fontinst v1.914 font definitions for OMX/zplm.
)
LaTeX Font Info:    Try loading font information for OT1+zplm on input line 24.

 ("C:\Users\timoe\AppData\Local\Programs\MiKTeX 2.9\tex\latex\psnfss\ot1zplm.fd
"
File: ot1zplm.fd 2002/09/08 Fontinst v1.914 font definitions for OT1/zplm.
) [1


\openout4 = `author.out'.


{C:/Users/timoe/AppData/Local/MiKTeX/2.9/pdftex/config/pdftex.map} <./utils/hpi
_logo_text.pdf>])
LaTeX Font Info:    Font shape `T1/phv/bx/n' in size <17.28> not available
(Font)              Font shape `T1/phv/b/n' tried instead on input line 136.

Underfull \hbox (badness 10000) in paragraph at lines 138--140

 []


Overfull \hbox (2.18758pt too wide) in paragraph at lines 138--140
\T1/ppl/m/n/12 wur-den. Diese Aus-sage trifft auch für alle Im-ple-men-tierun-g
en und Doku-
 []

<utils/hpi_logo.pdf, id=145, 247.92625pt x 179.67125pt>
File: utils/hpi_logo.pdf Graphic file (type pdf)

<use utils/hpi_logo.pdf>
Package pdftex.def Info: utils/hpi_logo.pdf used on input line 148.
(pdftex.def)             Requested size: 77.05867pt x 36.98866pt.

Overfull \vbox (6.17621pt too high) has occurred while \output is active []


[2

 <./utils/hpi_logo.pdf>]
("C:\Users\timoe\AppData\Local\Programs\MiKTeX 2.9\tex\latex\ucs\uni-0.def"
File: uni-0.def 2013/05/13 UCS: Unicode data U+0000..U+00FF
)
Overfull \hbox (2.54599pt too wide) in paragraph at lines 167--167
[]\T1/ppl/m/n/12 Im Mo-tor-sport dreht sich alles darum so schnell wie möglich
 []


Overfull \hbox (1.6458pt too wide) in paragraph at lines 167--167
\T1/ppl/m/n/12 zo-gene Daten um den Fahrstil eines Ren-n-fahrers zu evaluieren
 []


Overfull \hbox (1.81418pt too wide) in paragraph at lines 167--167
\T1/ppl/m/n/12 und mit an-deren Fahrern zu ver-gle-ichen. Dadurch kann dieser
 []


Overfull \hbox (7.40471pt too wide) in paragraph at lines 167--167
\T1/ppl/m/n/12 einen zeitlichen Vorteil gegenüber seinen Kon-tra-hen-ten bekom-

 []


Overfull \hbox (19.6695pt too wide) in paragraph at lines 167--167
[]\T1/ppl/m/n/12 Diese Ar-beit fokussiert sich dabei vor allem auf das Aufnehme
n
 []


Overfull \hbox (31.93349pt too wide) in paragraph at lines 167--167
\T1/ppl/m/n/12 ver-schiede-nen Fahrern. Wir be-nutzten dafür eine kam-er-abasie
rende
 []


Overfull \hbox (1.47702pt too wide) in paragraph at lines 167--167
\T1/ppl/m/n/12 füg-bare und genauere Rennlin-ienerken-nung bere-it-stellen kon-

 []

File: utils/hpi_logo.pdf Graphic file (type pdf)
<use utils/hpi_logo.pdf>
Package pdftex.def Info: utils/hpi_logo.pdf used on input line 167.
(pdftex.def)             Requested size: 77.05867pt x 36.98866pt.

Overfull \vbox (6.17621pt too high) has occurred while \output is active []


[3

]
Overfull \hbox (8.50958pt too wide) in paragraph at lines 167--167
\T1/ppl/m/n/12 pos-si-ble. One of the most im-por-tant and most driver-influenc
ed
 []

File: utils/hpi_logo.pdf Graphic file (type pdf)
<use utils/hpi_logo.pdf>
Package pdftex.def Info: utils/hpi_logo.pdf used on input line 167.
(pdftex.def)             Requested size: 77.05867pt x 36.98866pt.

Overfull \vbox (6.17621pt too high) has occurred while \output is active []


[4

] (bachelor_thesis.toc
File: utils/hpi_logo.pdf Graphic file (type pdf)
 <use utils/hpi_logo.pdf>
Package pdftex.def Info: utils/hpi_logo.pdf used on input line 30.
(pdftex.def)             Requested size: 77.05867pt x 36.98866pt.

Overfull \vbox (6.17621pt too high) has occurred while \output is active []


[5

])
\tf@toc=\write6
\openout6 = `bachelor_thesis.toc'.

File: utils/hpi_logo.pdf Graphic file (type pdf)
 <use utils/hpi_logo.pdf>
Package pdftex.def Info: utils/hpi_logo.pdf used on input line 171.
(pdftex.def)             Requested size: 77.05867pt x 36.98866pt.

Overfull \vbox (6.17621pt too high) has occurred while \output is active []


[6] (content/introduction.tex
File: utils/hpi_logo.pdf Graphic file (type pdf)
 <use utils/hpi_logo.pdf>
Package pdftex.def Info: utils/hpi_logo.pdf used on input line 11.
(pdftex.def)             Requested size: 77.05867pt x 36.98866pt.

Overfull \vbox (6.17621pt too high) has occurred while \output is active []


[1

]
LaTeX Font Info:    Try loading font information for T1+pcr on input line 17.
 ("C:\Users\timoe\AppData\Local\Programs\MiKTeX 2.9\tex\latex\psnfss\t1pcr.fd"
File: t1pcr.fd 2001/06/04 font definitions for T1/pcr.
)
File: utils/hpi_logo.pdf Graphic file (type pdf)
 <use utils/hpi_logo.pdf>
Package pdftex.def Info: utils/hpi_logo.pdf used on input line 21.
(pdftex.def)             Requested size: 77.05867pt x 36.98866pt.

Overfull \vbox (6.17621pt too high) has occurred while \output is active []


[2

]
<utils/tablet_with_driver_comparison.png, id=240, 1594.95876pt x 1122.1925pt>
File: utils/tablet_with_driver_comparison.png Graphic file (type png)

<use utils/tablet_with_driver_comparison.png>
Package pdftex.def Info: utils/tablet_with_driver_comparison.png used on input 
line 28.
(pdftex.def)             Requested size: 384.11221pt x 270.25636pt.

Underfull \hbox (badness 10000) in paragraph at lines 33--36

 []

File: utils/hpi_logo.pdf Graphic file (type pdf)
<use utils/hpi_logo.pdf>
Package pdftex.def Info: utils/hpi_logo.pdf used on input line 36.
(pdftex.def)             Requested size: 77.05867pt x 36.98866pt.

Overfull \vbox (6.17621pt too high) has occurred while \output is active []


[3

 <./utils/tablet_with_driver_comparison.png>]
<utils/racing_line_recording.png, id=250, 572.1375pt x 926.46124pt>
File: utils/racing_line_recording.png Graphic file (type png)

<use utils/racing_line_recording.png>
Package pdftex.def Info: utils/racing_line_recording.png used on input line 39.

(pdftex.def)             Requested size: 230.46967pt x 373.1932pt.
File: utils/hpi_logo.pdf Graphic file (type pdf)
 <use utils/hpi_logo.pdf>
Package pdftex.def Info: utils/hpi_logo.pdf used on input line 43.
(pdftex.def)             Requested size: 77.05867pt x 36.98866pt.

Overfull \vbox (6.17621pt too high) has occurred while \output is active []


[4 <./utils/racing_line_recording.png>]
<utils/racing_line_comparison.png, id=260, 432.61626pt x 914.41624pt>
File: utils/racing_line_comparison.png Graphic file (type png)

<use utils/racing_line_comparison.png>
Package pdftex.def Info: utils/racing_line_comparison.png used on input line 48
.
(pdftex.def)             Requested size: 211.26288pt x 446.54703pt.
File: utils/hpi_logo.pdf Graphic file (type pdf)
 <use utils/hpi_logo.pdf>
Package pdftex.def Info: utils/hpi_logo.pdf used on input line 55.
(pdftex.def)             Requested size: 77.05867pt x 36.98866pt.

Overfull \vbox (6.17621pt too high) has occurred while \output is active []


[5

 <./utils/racing_line_comparison.png>]
<utils/driver_detail_screenshot.png, id=272, 739.76375pt x 409.53pt>
File: utils/driver_detail_screenshot.png Graphic file (type png)

<use utils/driver_detail_screenshot.png>
Package pdftex.def Info: utils/driver_detail_screenshot.png used on input line 
57.
(pdftex.def)             Requested size: 384.11221pt x 212.64438pt.
File: utils/hpi_logo.pdf Graphic file (type pdf)
 <use utils/hpi_logo.pdf>
Package pdftex.def Info: utils/hpi_logo.pdf used on input line 62.
(pdftex.def)             Requested size: 77.05867pt x 36.98866pt.

Overfull \vbox (6.17621pt too high) has occurred while \output is active []


[6 <./utils/driver_detail_screenshot.png>]) (content/relatedWork.tex
File: utils/hpi_logo.pdf Graphic file (type pdf)

<use utils/hpi_logo.pdf>
Package pdftex.def Info: utils/hpi_logo.pdf used on input line 11.
(pdftex.def)             Requested size: 77.05867pt x 36.98866pt.

Overfull \vbox (6.17621pt too high) has occurred while \output is active []


[7

]
File: utils/hpi_logo.pdf Graphic file (type pdf)
 <use utils/hpi_logo.pdf>
Package pdftex.def Info: utils/hpi_logo.pdf used on input line 20.
(pdftex.def)             Requested size: 77.05867pt x 36.98866pt.

Overfull \vbox (6.17621pt too high) has occurred while \output is active []


[8

] <utils/euler_spiral.png, id=312, 301.125pt x 301.125pt>
File: utils/euler_spiral.png Graphic file (type png)

<use utils/euler_spiral.png>
Package pdftex.def Info: utils/euler_spiral.png used on input line 26.
(pdftex.def)             Requested size: 192.0561pt x 192.06227pt.
File: utils/hpi_logo.pdf Graphic file (type pdf)
 <use utils/hpi_logo.pdf>
Package pdftex.def Info: utils/hpi_logo.pdf used on input line 35.
(pdftex.def)             Requested size: 77.05867pt x 36.98866pt.

Overfull \vbox (6.17621pt too high) has occurred while \output is active []


[9

 <./utils/euler_spiral.png>]) (content/algorithms.tex
<utils/hw_setup.png, id=322, 1271.75125pt x 698.61pt>
File: utils/hw_setup.png Graphic file (type png)
 <use utils/hw_setup.png>
Package pdftex.def Info: utils/hw_setup.png used on input line 9.
(pdftex.def)             Requested size: 384.11221pt x 211.00238pt.
File: utils/hpi_logo.pdf Graphic file (type pdf)

<use utils/hpi_logo.pdf>
Package pdftex.def Info: utils/hpi_logo.pdf used on input line 15.
(pdftex.def)             Requested size: 77.05867pt x 36.98866pt.

Overfull \vbox (6.17621pt too high) has occurred while \output is active []


[10

 <./utils/hw_setup.png>]
File: utils/hpi_logo.pdf Graphic file (type pdf)
 <use utils/hpi_logo.pdf>
Package pdftex.def Info: utils/hpi_logo.pdf used on input line 26.
(pdftex.def)             Requested size: 77.05867pt x 36.98866pt.

Overfull \vbox (6.17621pt too high) has occurred while \output is active []


[11

]
File: utils/hpi_logo.pdf Graphic file (type pdf)
 <use utils/hpi_logo.pdf>
Package pdftex.def Info: utils/hpi_logo.pdf used on input line 38.
(pdftex.def)             Requested size: 77.05867pt x 36.98866pt.

Overfull \vbox (6.17621pt too high) has occurred while \output is active []


[12

]
File: utils/hpi_logo.pdf Graphic file (type pdf)
 <use utils/hpi_logo.pdf>
Package pdftex.def Info: utils/hpi_logo.pdf used on input line 97.
(pdftex.def)             Requested size: 77.05867pt x 36.98866pt.

Overfull \vbox (6.17621pt too high) has occurred while \output is active []


[13

]
Overfull \hbox (18.47716pt too wide) detected at line 159
[] \OT1/zplm/m/n/12 = [][] []
 []

File: utils/hpi_logo.pdf Graphic file (type pdf)
<use utils/hpi_logo.pdf>
Package pdftex.def Info: utils/hpi_logo.pdf used on input line 171.
(pdftex.def)             Requested size: 77.05867pt x 36.98866pt.

Overfull \vbox (6.17621pt too high) has occurred while \output is active []


[14]
File: utils/hpi_logo.pdf Graphic file (type pdf)
 <use utils/hpi_logo.pdf>
Package pdftex.def Info: utils/hpi_logo.pdf used on input line 177.
(pdftex.def)             Requested size: 77.05867pt x 36.98866pt.

Overfull \vbox (6.17621pt too high) has occurred while \output is active []


[15]
Overfull \hbox (4.15234pt too wide) in paragraph at lines 197--197
[]|\T1/ppl/m/n/12 Size| 
 []

File: utils/hpi_logo.pdf Graphic file (type pdf)
<use utils/hpi_logo.pdf>
Package pdftex.def Info: utils/hpi_logo.pdf used on input line 207.
(pdftex.def)             Requested size: 77.05867pt x 36.98866pt.

Overfull \vbox (6.17621pt too high) has occurred while \output is active []


[16] <utils/gradient_hsv.png, id=389, 276.03125pt x 279.0425pt>
File: utils/gradient_hsv.png Graphic file (type png)

<use utils/gradient_hsv.png>
Package pdftex.def Info: utils/gradient_hsv.png used on input line 214.
(pdftex.def)             Requested size: 115.23483pt x 116.49449pt.
File: utils/hpi_logo.pdf Graphic file (type pdf)
 <use utils/hpi_logo.pdf>
Package pdftex.def Info: utils/hpi_logo.pdf used on input line 221.
(pdftex.def)             Requested size: 77.05867pt x 36.98866pt.

Overfull \vbox (6.17621pt too high) has occurred while \output is active []


[17 <./utils/gradient_hsv.png>]
<utils/bezier_track.png, id=403, 654.445pt x 508.90125pt>
File: utils/bezier_track.png Graphic file (type png)

<use utils/bezier_track.png>
Package pdftex.def Info: utils/bezier_track.png used on input line 231.
(pdftex.def)             Requested size: 249.6706pt x 194.14548pt.
File: utils/hpi_logo.pdf Graphic file (type pdf)
 <use utils/hpi_logo.pdf>
Package pdftex.def Info: utils/hpi_logo.pdf used on input line 239.
(pdftex.def)             Requested size: 77.05867pt x 36.98866pt.

Overfull \vbox (6.17621pt too high) has occurred while \output is active []


[18 <./utils/bezier_track.png>]
Overfull \hbox (2.16301pt too wide) in paragraph at lines 262--264
[]\T1/ppl/m/n/12 To speed up sub-se-quent cal-cu-la-tions all con-sec-u-tive ve
c-tors with the same
 []

File: utils/hpi_logo.pdf Graphic file (type pdf)
<use utils/hpi_logo.pdf>
Package pdftex.def Info: utils/hpi_logo.pdf used on input line 264.
(pdftex.def)             Requested size: 77.05867pt x 36.98866pt.

Overfull \vbox (6.17621pt too high) has occurred while \output is active []


[19]) (content/implementation.tex
<utils/class_diagram.png, id=425, 665.48625pt x 431.6125pt>
File: utils/class_diagram.png Graphic file (type png)

<use utils/class_diagram.png>
Package pdftex.def Info: utils/class_diagram.png used on input line 9.
(pdftex.def)             Requested size: 384.11221pt x 249.12361pt.
File: utils/hpi_logo.pdf Graphic file (type pdf)
 <use utils/hpi_logo.pdf>
Package pdftex.def Info: utils/hpi_logo.pdf used on input line 14.
(pdftex.def)             Requested size: 77.05867pt x 36.98866pt.

Overfull \vbox (6.17621pt too high) has occurred while \output is active []


[20

 <./utils/class_diagram.png>]
Overfull \hbox (20.47682pt too wide) in paragraph at lines 16--18
[]\T1/ppl/m/n/12 The func-tions that are most im-por-tant to us are the \T1/pcr
/m/n/12 SensorDataCollector\T1/ppl/m/n/12 ,
 []

<utils/component_diagram.png, id=436, 720.6925pt x 708.6475pt>
File: utils/component_diagram.png Graphic file (type png)

<use utils/component_diagram.png>
Package pdftex.def Info: utils/component_diagram.png used on input line 20.
(pdftex.def)             Requested size: 384.11221pt x 377.68994pt.
File: utils/hpi_logo.pdf Graphic file (type pdf)
 <use utils/hpi_logo.pdf>
Package pdftex.def Info: utils/hpi_logo.pdf used on input line 24.
(pdftex.def)             Requested size: 77.05867pt x 36.98866pt.

Overfull \vbox (6.17621pt too high) has occurred while \output is active []


[21

 <./utils/component_diagram.png>]
Overfull \hbox (4.43188pt too wide) in paragraph at lines 30--31
\T1/ppl/m/n/12 We im-ple-mented some of the al-go-rithms de-scribed in Sec-tion
 [][]3[][] in OpenCV
 []

File: utils/hpi_logo.pdf Graphic file (type pdf)
<use utils/hpi_logo.pdf>
Package pdftex.def Info: utils/hpi_logo.pdf used on input line 36.
(pdftex.def)             Requested size: 77.05867pt x 36.98866pt.

Overfull \vbox (6.17621pt too high) has occurred while \output is active []


[22

]
LaTeX Font Info:    Try loading font information for OMS+ppl on input line 60.

("C:\Users\timoe\AppData\Local\Programs\MiKTeX 2.9\tex\latex\psnfss\omsppl.fd"
File: omsppl.fd 
)
LaTeX Font Info:    Font shape `OMS/ppl/m/n' in size <8> not available
(Font)              Font shape `OMS/cmsy/m/n' tried instead on input line 60.
File: utils/hpi_logo.pdf Graphic file (type pdf)
<use utils/hpi_logo.pdf>
Package pdftex.def Info: utils/hpi_logo.pdf used on input line 71.
(pdftex.def)             Requested size: 77.05867pt x 36.98866pt.

Overfull \vbox (6.17621pt too high) has occurred while \output is active []


[23

]
File: utils/hpi_logo.pdf Graphic file (type pdf)
 <use utils/hpi_logo.pdf>
Package pdftex.def Info: utils/hpi_logo.pdf used on input line 90.
(pdftex.def)             Requested size: 77.05867pt x 36.98866pt.

Overfull \vbox (6.17621pt too high) has occurred while \output is active []


[24

]
File: utils/hpi_logo.pdf Graphic file (type pdf)
 <use utils/hpi_logo.pdf>
Package pdftex.def Info: utils/hpi_logo.pdf used on input line 118.
(pdftex.def)             Requested size: 77.05867pt x 36.98866pt.

Overfull \vbox (6.17621pt too high) has occurred while \output is active []


[25

]
LaTeX Font Info:    Font shape `T1/ppl/bx/n' in size <8> not available
(Font)              Font shape `T1/ppl/b/n' tried instead on input line 126.
File: utils/hpi_logo.pdf Graphic file (type pdf)
 <use utils/hpi_logo.pdf>
Package pdftex.def Info: utils/hpi_logo.pdf used on input line 146.
(pdftex.def)             Requested size: 77.05867pt x 36.98866pt.

Overfull \vbox (6.17621pt too high) has occurred while \output is active []


[26

]
File: utils/hpi_logo.pdf Graphic file (type pdf)
 <use utils/hpi_logo.pdf>
Package pdftex.def Info: utils/hpi_logo.pdf used on input line 149.
(pdftex.def)             Requested size: 77.05867pt x 36.98866pt.

Overfull \vbox (6.17621pt too high) has occurred while \output is active []


[27

]) (content/evaluation.tex
Overfull \hbox (0.12416pt too wide) in paragraph at lines 6--7
\T1/ppl/m/n/12 Visual Odom-e-try has many the-o-ret-i-cal ad-van-tages over GPS
. The amount
 []

<utils/VO_corner_comp.png, id=555, 471.7625pt x 328.22626pt>
File: utils/VO_corner_comp.png Graphic file (type png)

<use utils/VO_corner_comp.png>
Package pdftex.def Info: utils/VO_corner_comp.png used on input line 10.
(pdftex.def)             Requested size: 326.49771pt x 227.16249pt.
File: utils/hpi_logo.pdf Graphic file (type pdf)
 <use utils/hpi_logo.pdf>
Package pdftex.def Info: utils/hpi_logo.pdf used on input line 21.
(pdftex.def)             Requested size: 77.05867pt x 36.98866pt.

Overfull \vbox (6.17621pt too high) has occurred while \output is active []


[28

]
File: utils/hpi_logo.pdf Graphic file (type pdf)
 <use utils/hpi_logo.pdf>
Package pdftex.def Info: utils/hpi_logo.pdf used on input line 21.
(pdftex.def)             Requested size: 77.05867pt x 36.98866pt.

Overfull \vbox (6.17621pt too high) has occurred while \output is active []


[29 <./utils/VO_corner_comp.png>]
File: utils/hpi_logo.pdf Graphic file (type pdf)
 <use utils/hpi_logo.pdf>
Package pdftex.def Info: utils/hpi_logo.pdf used on input line 31.
(pdftex.def)             Requested size: 77.05867pt x 36.98866pt.

Overfull \vbox (6.17621pt too high) has occurred while \output is active []


[30

]
File: utils/hpi_logo.pdf Graphic file (type pdf)
 <use utils/hpi_logo.pdf>
Package pdftex.def Info: utils/hpi_logo.pdf used on input line 35.
(pdftex.def)             Requested size: 77.05867pt x 36.98866pt.

Overfull \vbox (6.17621pt too high) has occurred while \output is active []


[31

]) (content/futureWork.tex
File: utils/hpi_logo.pdf Graphic file (type pdf)
 <use utils/hpi_logo.pdf>
Package pdftex.def Info: utils/hpi_logo.pdf used on input line 14.
(pdftex.def)             Requested size: 77.05867pt x 36.98866pt.

Overfull \vbox (6.17621pt too high) has occurred while \output is active []


[32

]
File: utils/hpi_logo.pdf Graphic file (type pdf)
 <use utils/hpi_logo.pdf>
Package pdftex.def Info: utils/hpi_logo.pdf used on input line 18.
(pdftex.def)             Requested size: 77.05867pt x 36.98866pt.

Overfull \vbox (6.17621pt too high) has occurred while \output is active []


[33]) (content/conclusion.tex
Overfull \hbox (1.86403pt too wide) in paragraph at lines 5--6
[]\T1/ppl/m/n/12 We used the cars on-board sen-sor data to ob-tain fur-ther in-
for-ma-tion about
 []

File: utils/hpi_logo.pdf Graphic file (type pdf)
<use utils/hpi_logo.pdf>
Package pdftex.def Info: utils/hpi_logo.pdf used on input line 13.
(pdftex.def)             Requested size: 77.05867pt x 36.98866pt.

Overfull \vbox (6.17621pt too high) has occurred while \output is active []


[34

]) (bachelor_thesis.bbl)
File: utils/hpi_logo.pdf Graphic file (type pdf)
 <use utils/hpi_logo.pdf>
Package pdftex.def Info: utils/hpi_logo.pdf used on input line 191.
(pdftex.def)             Requested size: 77.05867pt x 36.98866pt.

Overfull \vbox (6.17621pt too high) has occurred while \output is active []


[35

]
Package atveryend Info: Empty hook `BeforeClearDocument' on input line 196.
Package atveryend Info: Empty hook `AfterLastShipout' on input line 196.
 (bachelor_thesis.aux)
Package atveryend Info: Executing hook `AtVeryEndDocument' on input line 196.
Package atveryend Info: Executing hook `AtEndAfterFileList' on input line 196.
Package rerunfilecheck Info: File `bachelor_thesis.out' has not changed.
(rerunfilecheck)             Checksum: E8E28945DBE52211CCE5E719F9C5B5AC;2243.
Package atveryend Info: Empty hook `AtVeryVeryEnd' on input line 196.
 )
(\end occurred inside a group at level 1)

### simple group (level 1) entered at line 1061 ({)
### bottom level 
Here is how much of TeX's memory you used:
 14394 strings out of 493634
 214715 string characters out of 3135239
 541528 words of memory out of 3000000
 17280 multiletter control sequences out of 15000+200000
 72021 words of font info for 139 fonts, out of 3000000 for 9000
 1025 hyphenation exceptions out of 8191
 43i,16n,58p,790b,4018s stack positions out of 5000i,500n,10000p,200000b,50000s
{C:/Users/timoe/AppData/Local/Programs/MiKTeX 2.9/fonts/enc/dvi
ps/fontname/8r.enc}<C:/Users/timoe/AppData/Local/Programs/MiKTeX 2.9/fonts/type
1/public/amsfonts/cm/cmex10.pfb><C:/Users/timoe/AppData/Local/Programs/MiKTeX 2
.9/fonts/type1/public/amsfonts/cm/cmr10.pfb><C:/Users/timoe/AppData/Local/Progr
ams/MiKTeX 2.9/fonts/type1/public/amsfonts/cm/cmsy10.pfb><C:/Users/timoe/AppDat
a/Local/Programs/MiKTeX 2.9/fonts/type1/public/amsfonts/cm/cmsy8.pfb><C:/Users/
timoe/AppData/Local/Programs/MiKTeX 2.9/fonts/type1/public/mathpazo/fplmr.pfb><
C:/Users/timoe/AppData/Local/Programs/MiKTeX 2.9/fonts/type1/public/mathpazo/fp
lmri.pfb><C:/Users/timoe/AppData/Local/Programs/MiKTeX 2.9/fonts/type1/public/a
msfonts/latxfont/lcircle1.pfb><C:/Users/timoe/AppData/Local/Programs/MiKTeX 2.9
/fonts/type1/urw/courier/ucrr8a.pfb><C:/Users/timoe/AppData/Local/Programs/MiKT
eX 2.9/fonts/type1/urw/helvetic/uhvb8a.pfb><C:/Users/timoe/AppData/Local/Progra
ms/MiKTeX 2.9/fonts/type1/urw/palatino/uplb8a.pfb><C:/Users/timoe/AppData/Local
/Programs/MiKTeX 2.9/fonts/type1/urw/palatino/uplr8a.pfb><C:/Users/timoe/AppDat
a/Local/Programs/MiKTeX 2.9/fonts/type1/urw/palatino/uplr8a.pfb><C:/Users/timoe
/AppData/Local/Programs/MiKTeX 2.9/fonts/type1/urw/palatino/uplri8a.pfb>
Output written on bachelor_thesis.pdf (41 pages, 3575710 bytes).
PDF statistics:
 695 PDF objects out of 1000 (max. 8388607)
 173 named destinations out of 1000 (max. 500000)
 570 words of extra memory for PDF output out of 10000 (max. 10000000)

