\BOOKMARK [1][-]{section.1}{Introduction}{}% 1
\BOOKMARK [2][-]{subsection.1.1}{Motivation}{section.1}% 2
\BOOKMARK [2][-]{subsection.1.2}{Project Scope}{section.1}% 3
\BOOKMARK [2][-]{subsection.1.3}{Problem Introduction/Description/Context}{section.1}% 4
\BOOKMARK [1][-]{section.2}{Related Work}{}% 5
\BOOKMARK [2][-]{subsection.2.1}{Racing Line calculation}{section.2}% 6
\BOOKMARK [3][-]{subsubsection.2.1.1}{Vamos Racing Simulator}{subsection.2.1}% 7
\BOOKMARK [3][-]{subsubsection.2.1.2}{RaceOptimal}{subsection.2.1}% 8
\BOOKMARK [3][-]{subsubsection.2.1.3}{Optimal Control}{subsection.2.1}% 9
\BOOKMARK [3][-]{subsubsection.2.1.4}{Euler Spiral Method}{subsection.2.1}% 10
\BOOKMARK [1][-]{section.3}{Algorithm/Concept}{}% 11
\BOOKMARK [2][-]{subsection.3.1}{Recording}{section.3}% 12
\BOOKMARK [3][-]{subsubsection.3.1.1}{Visual Odometry}{subsection.3.1}% 13
\BOOKMARK [3][-]{subsubsection.3.1.2}{Lane Detection}{subsection.3.1}% 14
\BOOKMARK [3][-]{subsubsection.3.1.3}{Recording OBD2 Data}{subsection.3.1}% 15
\BOOKMARK [2][-]{subsection.3.2}{Comparing}{section.3}% 16
\BOOKMARK [3][-]{subsubsection.3.2.1}{Visual Comparison of Racing Line with help of sensor data}{subsection.3.2}% 17
\BOOKMARK [3][-]{subsubsection.3.2.2}{Mathematical Calculation of ideal line given a certain track}{subsection.3.2}% 18
\BOOKMARK [3][-]{subsubsection.3.2.3}{Mathematical Comparison of two paths}{subsection.3.2}% 19
\BOOKMARK [1][-]{section.4}{Implementation}{}% 20
\BOOKMARK [2][-]{subsection.4.1}{Recording}{section.4}% 21
\BOOKMARK [3][-]{subsubsection.4.1.1}{Visual Odometry}{subsection.4.1}% 22
\BOOKMARK [3][-]{subsubsection.4.1.2}{Sensordata}{subsection.4.1}% 23
\BOOKMARK [2][-]{subsection.4.2}{Comparison}{section.4}% 24
\BOOKMARK [3][-]{subsubsection.4.2.1}{Google Maps}{subsection.4.2}% 25
\BOOKMARK [1][-]{section.5}{Evaluation}{}% 26
\BOOKMARK [2][-]{subsection.5.1}{Visual Odometry to record Racing Lines}{section.5}% 27
\BOOKMARK [2][-]{subsection.5.2}{Usefulness of Racing Line Comparison}{section.5}% 28
\BOOKMARK [1][-]{section.6}{Future Work}{}% 29
\BOOKMARK [2][-]{subsection.6.1}{Open Research Questions}{section.6}% 30
\BOOKMARK [3][-]{subsubsection.6.1.1}{Real Time Capabilities}{subsection.6.1}% 31
\BOOKMARK [3][-]{subsubsection.6.1.2}{Increasing Accuracy}{subsection.6.1}% 32
\BOOKMARK [2][-]{subsection.6.2}{Extensions}{section.6}% 33
\BOOKMARK [3][-]{subsubsection.6.2.1}{Gamification}{subsection.6.2}% 34
\BOOKMARK [3][-]{subsubsection.6.2.2}{Real-Time Comparison}{subsection.6.2}% 35
\BOOKMARK [1][-]{section.7}{Conclusion}{}% 36
\BOOKMARK [1][-]{section.7}{Bibliography}{}% 37
\BOOKMARK [1][-]{appendix.A}{Appendix}{}% 38
